Flow report for turbo_encoder
Tue Mar 26 13:30:06 2019
Quartus Prime Version 18.1.0 Build 625 09/12/2018 SJ Lite Edition


---------------------
; Table of Contents ;
---------------------
  1. Legal Notice
  2. Flow Summary
  3. Flow Settings
  4. Flow Non-Default Global Settings
  5. Flow Elapsed Time
  6. Flow OS Summary
  7. Flow Log
  8. Flow Messages
  9. Flow Suppressed Messages



----------------
; Legal Notice ;
----------------
Copyright (C) 2018  Intel Corporation. All rights reserved.
Your use of Intel Corporation's design tools, logic functions 
and other software and tools, and its AMPP partner logic 
functions, and any output files from any of the foregoing 
(including device programming or simulation files), and any 
associated documentation or information are expressly subject 
to the terms and conditions of the Intel Program License 
Subscription Agreement, the Intel Quartus Prime License Agreement,
the Intel FPGA IP License Agreement, or other applicable license
agreement, including, without limitation, that your use is for
the sole purpose of programming logic devices manufactured by
Intel and sold by Intel or its authorized distributors.  Please
refer to the applicable agreement for further details.



+-------------------------------------------------------------------------------+
; Flow Summary                                                                  ;
+---------------------------------+---------------------------------------------+
; Flow Status                     ; Successful - Tue Mar 26 13:30:06 2019       ;
; Quartus Prime Version           ; 18.1.0 Build 625 09/12/2018 SJ Lite Edition ;
; Revision Name                   ; turbo_encoder                               ;
; Top-level Entity Name           ; turbo_encoder                               ;
; Family                          ; Cyclone V                                   ;
; Device                          ; 5CEBA2F23C7                                 ;
; Timing Models                   ; Final                                       ;
; Logic utilization (in ALMs)     ; 600 / 9,430 ( 6 % )                         ;
; Total registers                 ; 963                                         ;
; Total pins                      ; 43 / 224 ( 19 % )                           ;
; Total virtual pins              ; 0                                           ;
; Total block memory bits         ; 106,496 / 1,802,240 ( 6 % )                 ;
; Total DSP Blocks                ; 0 / 25 ( 0 % )                              ;
; Total HSSI RX PCSs              ; 0                                           ;
; Total HSSI PMA RX Deserializers ; 0                                           ;
; Total HSSI TX PCSs              ; 0                                           ;
; Total HSSI PMA TX Serializers   ; 0                                           ;
; Total PLLs                      ; 0 / 4 ( 0 % )                               ;
; Total DLLs                      ; 0 / 4 ( 0 % )                               ;
+---------------------------------+---------------------------------------------+


+-----------------------------------------+
; Flow Settings                           ;
+-------------------+---------------------+
; Option            ; Setting             ;
+-------------------+---------------------+
; Start date & time ; 03/26/2019 13:23:54 ;
; Main task         ; Compilation         ;
; Revision Name     ; turbo_encoder       ;
+-------------------+---------------------+


+-----------------------------------------------------------------------------------------------------------------------------+
; Flow Non-Default Global Settings                                                                                            ;
+-------------------------------------+----------------------------------------+---------------+-------------+----------------+
; Assignment Name                     ; Value                                  ; Default Value ; Entity Name ; Section Id     ;
+-------------------------------------+----------------------------------------+---------------+-------------+----------------+
; COMPILER_SIGNATURE_ID               ; 345050776957.155362103406080           ; --            ; --          ; --             ;
; EDA_OUTPUT_DATA_FORMAT              ; Verilog Hdl                            ; --            ; --          ; eda_simulation ;
; EDA_SIMULATION_TOOL                 ; ModelSim-Altera (Verilog)              ; <None>        ; --          ; --             ;
; EDA_TIME_SCALE                      ; 1 ps                                   ; --            ; --          ; eda_simulation ;
; MAX_CORE_JUNCTION_TEMP              ; 85                                     ; --            ; --          ; --             ;
; MIN_CORE_JUNCTION_TEMP              ; 0                                      ; --            ; --          ; --             ;
; PARTITION_COLOR                     ; -- (Not supported for targeted family) ; --            ; --          ; Top            ;
; PARTITION_FITTER_PRESERVATION_LEVEL ; -- (Not supported for targeted family) ; --            ; --          ; Top            ;
; PARTITION_NETLIST_TYPE              ; -- (Not supported for targeted family) ; --            ; --          ; Top            ;
; POWER_BOARD_THERMAL_MODEL           ; None (CONSERVATIVE)                    ; --            ; --          ; --             ;
; POWER_PRESET_COOLING_SOLUTION       ; 23 MM HEAT SINK WITH 200 LFPM AIRFLOW  ; --            ; --          ; --             ;
; PROJECT_OUTPUT_DIRECTORY            ; output_files                           ; --            ; --          ; --             ;
+-------------------------------------+----------------------------------------+---------------+-------------+----------------+


+--------------------------------------------------------------------------------------------------------------------------+
; Flow Elapsed Time                                                                                                        ;
+----------------------+--------------+-------------------------+---------------------+------------------------------------+
; Module Name          ; Elapsed Time ; Average Processors Used ; Peak Virtual Memory ; Total CPU Time (on all processors) ;
+----------------------+--------------+-------------------------+---------------------+------------------------------------+
; Analysis & Synthesis ; 00:00:20     ; 1.0                     ; 734 MB              ; 00:00:26                           ;
; Fitter               ; 00:01:09     ; 1.0                     ; 1916 MB             ; 00:01:42                           ;
; Assembler            ; 00:00:07     ; 1.0                     ; 743 MB              ; 00:00:06                           ;
; Timing Analyzer      ; 00:00:11     ; 1.2                     ; 998 MB              ; 00:00:11                           ;
; EDA Netlist Writer   ; 00:00:02     ; 1.0                     ; 669 MB              ; 00:00:02                           ;
; EDA Netlist Writer   ; 00:00:02     ; 1.0                     ; 628 MB              ; 00:00:02                           ;
; EDA Netlist Writer   ; 00:00:02     ; 1.0                     ; 640 MB              ; 00:00:02                           ;
; EDA Netlist Writer   ; 00:00:02     ; 1.0                     ; 627 MB              ; 00:00:02                           ;
; EDA Netlist Writer   ; 00:00:02     ; 1.0                     ; 640 MB              ; 00:00:02                           ;
; Total                ; 00:01:57     ; --                      ; --                  ; 00:02:35                           ;
+----------------------+--------------+-------------------------+---------------------+------------------------------------+


+------------------------------------------------------------------------------------+
; Flow OS Summary                                                                    ;
+----------------------+------------------+------------+------------+----------------+
; Module Name          ; Machine Hostname ; OS Name    ; OS Version ; Processor type ;
+----------------------+------------------+------------+------------+----------------+
; Analysis & Synthesis ; VCM-98034510     ; Windows 10 ; 10.0       ; x86_64         ;
; Fitter               ; VCM-98034510     ; Windows 10 ; 10.0       ; x86_64         ;
; Assembler            ; VCM-98034510     ; Windows 10 ; 10.0       ; x86_64         ;
; Timing Analyzer      ; VCM-98034510     ; Windows 10 ; 10.0       ; x86_64         ;
; EDA Netlist Writer   ; VCM-98034510     ; Windows 10 ; 10.0       ; x86_64         ;
; EDA Netlist Writer   ; VCM-98034510     ; Windows 10 ; 10.0       ; x86_64         ;
; EDA Netlist Writer   ; VCM-98034510     ; Windows 10 ; 10.0       ; x86_64         ;
; EDA Netlist Writer   ; VCM-98034510     ; Windows 10 ; 10.0       ; x86_64         ;
; EDA Netlist Writer   ; VCM-98034510     ; Windows 10 ; 10.0       ; x86_64         ;
+----------------------+------------------+------------+------------+----------------+


------------
; Flow Log ;
------------
quartus_map --read_settings_files=on --write_settings_files=off turbo_encoder -c turbo_encoder
quartus_fit --read_settings_files=off --write_settings_files=off turbo_encoder -c turbo_encoder
quartus_asm --read_settings_files=off --write_settings_files=off turbo_encoder -c turbo_encoder
quartus_sta turbo_encoder -c turbo_encoder
quartus_eda --read_settings_files=off --write_settings_files=off turbo_encoder -c turbo_encoder
quartus_eda --gen_testbench --tool=modelsim_oem --format=verilog --write_settings_files=off turbo_encoder -c turbo_encoder --vector_source=C:/Users/eap42/Documents/ECE559/Project/turbo_encoder/turbo_encoder/Waveform1.vwf --testbench_file=C:/Users/eap42/Documents/ECE559/Project/turbo_encoder/turbo_encoder/simulation/qsim/Waveform1.vwf.vt
quartus_eda --write_settings_files=off --simulation=on --functional=on --flatten_buses=off --tool=modelsim_oem --format=verilog --output_directory=C:/Users/eap42/Documents/ECE559/Project/turbo_encoder/turbo_encoder/simulation/qsim/ turbo_encoder -c turbo_encoder
quartus_eda --gen_testbench --tool=modelsim_oem --format=verilog --write_settings_files=off turbo_encoder -c turbo_encoder --vector_source=C:/Users/eap42/Documents/ECE559/Project/turbo_encoder/turbo_encoder/Waveform1.vwf --testbench_file=C:/Users/eap42/Documents/ECE559/Project/turbo_encoder/turbo_encoder/simulation/qsim/Waveform1.vwf.vt
quartus_eda --write_settings_files=off --simulation=on --functional=on --flatten_buses=off --tool=modelsim_oem --format=verilog --output_directory=C:/Users/eap42/Documents/ECE559/Project/turbo_encoder/turbo_encoder/simulation/qsim/ turbo_encoder -c turbo_encoder



